<?xml version="1.0" encoding="UTF-8"?>
<!-- Generated by org.testng.reporters.JUnitReportReporter -->
<testsuite hostname="ATMECSINLT-787" failures="0" tests="1" name="Task_30_05_22.OrderProduct" time="43.275" errors="0" timestamp="2022-05-31T23:24:44 GMT+05:30" skipped="0">
  <testcase classname="Task_30_05_22.OrderProduct" name="search" time="43.275"/>
  <system-out/>
</testsuite> <!-- Task_30_05_22.OrderProduct -->
