<?xml version="1.0" encoding="UTF-8"?>
<!-- Generated by org.testng.reporters.JUnitReportReporter -->
<testsuite hostname="ATMECSINLT-787" failures="0" tests="1" name="Task_02_06_22" time="18.090" errors="0" timestamp="2022-06-09T22:02:56 GMT+05:30" skipped="0">
  <testcase classname="Task_02_06_22" name="tables" time="18.090"/>
  <system-out/>
</testsuite> <!-- Task_02_06_22 -->
