<?xml version="1.0" encoding="UTF-8"?>
<!-- Generated by org.testng.reporters.JUnitReportReporter -->
<testsuite hostname="ATMECSINLT-787" failures="0" tests="2" name="CodeReusability.Aspire" time="7.498" errors="0" timestamp="2022-06-09T22:42:39 GMT+05:30" skipped="0">
  <testcase classname="CodeReusability.Aspire" name="chrome" time="6.859"/>
  <system-out/>
  <testcase classname="CodeReusability.Aspire" name="loginDetails" time="0.639"/>
  <system-out/>
</testsuite> <!-- CodeReusability.Aspire -->
