<?xml version="1.0" encoding="UTF-8"?>
<!-- Generated by org.testng.reporters.JUnitReportReporter -->
<testsuite hostname="ATMECSINLT-787" failures="0" tests="1" name="Task_15_06_22.Ebay" time="10.052" errors="0" timestamp="2022-06-16T13:09:46 GMT+05:30" skipped="0">
  <testcase classname="Task_15_06_22.Ebay" name="login" time="10.052"/>
  <system-out/>
</testsuite> <!-- Task_15_06_22.Ebay -->
